  22l-6844(code).cpp
C:\Users\ABC\source\repos\final project\final project\help.h(116,24): warning C4244: '=': conversion from 'SHORT' to 'char', possible loss of data
C:\Users\ABC\source\repos\final project\final project\help.h(123,24): warning C4244: '=': conversion from 'SHORT' to 'char', possible loss of data
C:\Users\ABC\source\repos\final project\final project\help.h(132,24): warning C4244: '=': conversion from 'SHORT' to 'char', possible loss of data
C:\Users\ABC\source\repos\final project\final project\help.h(140,24): warning C4244: '=': conversion from 'SHORT' to 'char', possible loss of data
C:\Users\ABC\source\repos\final project\final project\help.h(148,24): warning C4244: '=': conversion from 'SHORT' to 'char', possible loss of data
C:\Users\ABC\source\repos\final project\final project\help.h(668,52): warning C4244: 'argument': conversion from 'int' to 'float', possible loss of data
C:\Users\ABC\source\repos\final project\final project\help.h(668,49): warning C4244: 'argument': conversion from 'int' to 'float', possible loss of data
C:\Users\ABC\source\repos\final project\final project\help.h(668,46): warning C4244: 'argument': conversion from 'int' to 'float', possible loss of data
C:\Users\ABC\source\repos\final project\final project\help.h(685,52): warning C4244: 'argument': conversion from 'int' to 'float', possible loss of data
C:\Users\ABC\source\repos\final project\final project\help.h(685,49): warning C4244: 'argument': conversion from 'int' to 'float', possible loss of data
C:\Users\ABC\source\repos\final project\final project\help.h(685,46): warning C4244: 'argument': conversion from 'int' to 'float', possible loss of data
C:\Users\ABC\source\repos\final project\final project\help.h(726,52): warning C4244: 'argument': conversion from 'int' to 'float', possible loss of data
C:\Users\ABC\source\repos\final project\final project\help.h(726,49): warning C4244: 'argument': conversion from 'int' to 'float', possible loss of data
C:\Users\ABC\source\repos\final project\final project\help.h(726,46): warning C4244: 'argument': conversion from 'int' to 'float', possible loss of data
C:\Users\ABC\source\repos\final project\final project\help.h(743,52): warning C4244: 'argument': conversion from 'int' to 'float', possible loss of data
C:\Users\ABC\source\repos\final project\final project\help.h(743,49): warning C4244: 'argument': conversion from 'int' to 'float', possible loss of data
C:\Users\ABC\source\repos\final project\final project\help.h(743,46): warning C4244: 'argument': conversion from 'int' to 'float', possible loss of data
C:\Users\ABC\source\repos\final project\final project\22l-6844(code).cpp(8,12): warning C4244: 'argument': conversion from 'time_t' to 'unsigned int', possible loss of data
  final project.vcxproj -> C:\Users\ABC\source\repos\final project\x64\Debug\final project.exe
